This file contains any messages produced by compilers while
running configure, to aid debugging if configure makes a mistake.

It was created by lsd configure 0.2, which was
generated by GNU Autoconf 2.69.  Invocation command line was

  $ ./configure 

## --------- ##
## Platform. ##
## --------- ##

hostname = Hien
uname -m = i686
uname -r = 1.7.33-2(0.280/5/3)
uname -s = CYGWIN_NT-6.3-WOW64
uname -v = 2014-11-13 15:45

/usr/bin/uname -p = unknown
/bin/uname -X     = unknown

/bin/arch              = i686
/usr/bin/arch -k       = unknown
/usr/convex/getsysinfo = unknown
/usr/bin/hostinfo      = unknown
/bin/machine           = unknown
/usr/bin/oslevel       = unknown
/bin/universe          = unknown

PATH: /usr/local/bin
PATH: /usr/bin
PATH: /cygdrive/c/ProgramData/Oracle/Java/javapath
PATH: /cygdrive/c/Program Files (x86)/CollabNet
PATH: /cygdrive/c/Program Files (x86)/Embarcadero/RAD Studio/12.0/bin
PATH: /cygdrive/c/Users/Public/Documents/RAD Studio/12.0/Bpl
PATH: /cygdrive/c/Program Files (x86)/Embarcadero/RAD Studio/12.0/bin64
PATH: /cygdrive/c/Users/Public/Documents/RAD Studio/12.0/Bpl/Win64
PATH: /cygdrive/c/Program Files (x86)/Intel/iCLS Client
PATH: /cygdrive/c/Program Files/Intel/iCLS Client
PATH: /cygdrive/c/Windows/system32
PATH: /cygdrive/c/Windows
PATH: /cygdrive/c/Windows/System32/Wbem
PATH: /cygdrive/c/Windows/System32/WindowsPowerShell/v1.0
PATH: /cygdrive/c/Program Files (x86)/Windows Live/Shared
PATH: /cygdrive/c/Program Files/Intel/Intel(R) Management Engine Components/DAL
PATH: /cygdrive/c/Program Files/Intel/Intel(R) Management Engine Components/IPT
PATH: /cygdrive/c/Program Files (x86)/Intel/Intel(R) Management Engine Components/DAL
PATH: /cygdrive/c/Program Files (x86)/Intel/Intel(R) Management Engine Components/IPT
PATH: /cygdrive/c/Program Files (x86)/Intel/OpenCL SDK/2.0/bin/x86
PATH: /cygdrive/c/Program Files (x86)/Intel/OpenCL SDK/2.0/bin/x64
PATH: /cygdrive/c/Program Files/Intel/WiFi/bin
PATH: /cygdrive/c/Program Files/Common Files/Intel/WirelessCommon
PATH: /cygdrive/c/cygwin64/bin
PATH: /usr/bin
PATH: /cygdrive/c/Program Files (x86)/MiKTeX 2.9/miktex/bin
PATH: /cygdrive/c/WINDOWS/system32
PATH: /cygdrive/c/WINDOWS
PATH: /cygdrive/c/WINDOWS/System32/Wbem
PATH: /cygdrive/c/WINDOWS/System32/WindowsPowerShell/v1.0
PATH: /cygdrive/c/Program Files/Microsoft SQL Server/110/Tools/Binn
PATH: /cygdrive/c/Program Files (x86)/Windows Kits/8.0/Windows Performance Toolkit
PATH: /cygdrive/c/Program Files (x86)/Microsoft SQL Server/100/Tools/Binn
PATH: /cygdrive/c/Program Files/Microsoft SQL Server/100/Tools/Binn
PATH: /cygdrive/c/Program Files/Microsoft SQL Server/100/DTS/Binn
PATH: /cygdrive/c/Program Files/TortoiseSVN/bin
PATH: /cygdrive/c/users/thuhien/appdata/local/enthought/canopy/user/scripts
PATH: /cygdrive/c/Users/ThuHien/AppData/Local/Enthought/Canopy/User
PATH: /cygdrive/c/Users/ThuHien/AppData/Local/Enthought/Canopy/User/Scripts


## ----------- ##
## Core tests. ##
## ----------- ##

configure:2307: checking for a BSD-compatible install
configure:2375: result: /usr/bin/install -c
configure:2386: checking whether build environment is sane
configure:2441: result: yes
configure:2592: checking for a thread-safe mkdir -p
configure:2631: result: /usr/bin/mkdir -p
configure:2638: checking for gawk
configure:2654: found /usr/bin/gawk
configure:2665: result: gawk
configure:2676: checking whether make sets $(MAKE)
configure:2698: result: yes
configure:2727: checking whether make supports nested variables
configure:2744: result: yes
configure:2873: checking build system type
configure:2887: result: i686-pc-cygwin
configure:2907: checking host system type
configure:2920: result: i686-pc-cygwin
configure:3000: checking for g++
configure:3016: found /usr/bin/g++
configure:3027: result: g++
configure:3054: checking for C++ compiler version
configure:3063: g++ --version >&5
g++ (GCC) 4.9.2
Copyright (C) 2014 Free Software Foundation, Inc.
This is free software; see the source for copying conditions.  There is NO
warranty; not even for MERCHANTABILITY or FITNESS FOR A PARTICULAR PURPOSE.

configure:3074: $? = 0
configure:3063: g++ -v >&5
Using built-in specs.
COLLECT_GCC=g++
COLLECT_LTO_WRAPPER=/usr/lib/gcc/i686-pc-cygwin/4.9.2/lto-wrapper.exe
Target: i686-pc-cygwin
Configured with: /cygdrive/i/szsz/tmpp/gcc/gcc-4.9.2-1.i686/src/gcc-4.9.2/configure --srcdir=/cygdrive/i/szsz/tmpp/gcc/gcc-4.9.2-1.i686/src/gcc-4.9.2 --prefix=/usr --exec-prefix=/usr --bindir=/usr/bin --sbindir=/usr/sbin --libexecdir=/usr/libexec --datadir=/usr/share --localstatedir=/var --sysconfdir=/etc --libdir=/usr/lib --datarootdir=/usr/share --docdir=/usr/share/doc/gcc --htmldir=/usr/share/doc/gcc/html -C --build=i686-pc-cygwin --host=i686-pc-cygwin --target=i686-pc-cygwin --without-libiconv-prefix --without-libintl-prefix --libexecdir=/usr/lib --enable-shared --enable-shared-libgcc --enable-static --enable-version-specific-runtime-libs --enable-bootstrap --enable-__cxa_atexit --with-dwarf2 --with-arch=i686 --with-tune=generic --disable-sjlj-exceptions --enable-languages=ada,c,c++,fortran,java,lto,objc,obj-c++ --enable-graphite --enable-threads=posix --enable-libatomic --enable-libgomp --disable-libitm --enable-libquadmath --enable-libquadmath-support --enable-libssp --enable-libada --enable-libjava --enable-libgcj-sublibs --disable-java-awt --disable-symvers --with-ecj-jar=/usr/share/java/ecj.jar --with-gnu-ld --with-gnu-as --with-cloog-include=/usr/include/cloog-isl --without-libiconv-prefix --without-libintl-prefix --with-system-zlib --enable-linker-build-id
Thread model: posix
gcc version 4.9.2 (GCC) 
configure:3074: $? = 0
configure:3063: g++ -V >&5
g++: error: unrecognized command line option '-V'
g++: fatal error: no input files
compilation terminated.
configure:3074: $? = 1
configure:3063: g++ -qversion >&5
g++: error: unrecognized command line option '-qversion'
g++: fatal error: no input files
compilation terminated.
configure:3074: $? = 1
configure:3094: checking whether the C++ compiler works
configure:3116: g++    conftest.cpp  >&5
configure:3120: $? = 0
configure:3168: result: yes
configure:3171: checking for C++ compiler default output file name
configure:3173: result: a.exe
configure:3179: checking for suffix of executables
configure:3186: g++ -o conftest.exe    conftest.cpp  >&5
configure:3190: $? = 0
configure:3212: result: .exe
configure:3234: checking whether we are cross compiling
configure:3242: g++ -o conftest.exe    conftest.cpp  >&5
configure:3246: $? = 0
configure:3253: ./conftest.exe
configure:3257: $? = 0
configure:3272: result: no
configure:3277: checking for suffix of object files
configure:3299: g++ -c   conftest.cpp >&5
configure:3303: $? = 0
configure:3324: result: o
configure:3328: checking whether we are using the GNU C++ compiler
configure:3347: g++ -c   conftest.cpp >&5
configure:3347: $? = 0
configure:3356: result: yes
configure:3365: checking whether g++ accepts -g
configure:3385: g++ -c -g  conftest.cpp >&5
configure:3385: $? = 0
configure:3426: result: yes
configure:3460: checking for style of include used by make
configure:3488: result: GNU
configure:3514: checking dependency style of g++
configure:3625: result: gcc3
configure:3688: checking for gcc
configure:3704: found /usr/bin/gcc
configure:3715: result: gcc
configure:3944: checking for C compiler version
configure:3953: gcc --version >&5
gcc (GCC) 4.9.2
Copyright (C) 2014 Free Software Foundation, Inc.
This is free software; see the source for copying conditions.  There is NO
warranty; not even for MERCHANTABILITY or FITNESS FOR A PARTICULAR PURPOSE.

configure:3964: $? = 0
configure:3953: gcc -v >&5
Using built-in specs.
COLLECT_GCC=gcc
COLLECT_LTO_WRAPPER=/usr/lib/gcc/i686-pc-cygwin/4.9.2/lto-wrapper.exe
Target: i686-pc-cygwin
Configured with: /cygdrive/i/szsz/tmpp/gcc/gcc-4.9.2-1.i686/src/gcc-4.9.2/configure --srcdir=/cygdrive/i/szsz/tmpp/gcc/gcc-4.9.2-1.i686/src/gcc-4.9.2 --prefix=/usr --exec-prefix=/usr --bindir=/usr/bin --sbindir=/usr/sbin --libexecdir=/usr/libexec --datadir=/usr/share --localstatedir=/var --sysconfdir=/etc --libdir=/usr/lib --datarootdir=/usr/share --docdir=/usr/share/doc/gcc --htmldir=/usr/share/doc/gcc/html -C --build=i686-pc-cygwin --host=i686-pc-cygwin --target=i686-pc-cygwin --without-libiconv-prefix --without-libintl-prefix --libexecdir=/usr/lib --enable-shared --enable-shared-libgcc --enable-static --enable-version-specific-runtime-libs --enable-bootstrap --enable-__cxa_atexit --with-dwarf2 --with-arch=i686 --with-tune=generic --disable-sjlj-exceptions --enable-languages=ada,c,c++,fortran,java,lto,objc,obj-c++ --enable-graphite --enable-threads=posix --enable-libatomic --enable-libgomp --disable-libitm --enable-libquadmath --enable-libquadmath-support --enable-libssp --enable-libada --enable-libjava --enable-libgcj-sublibs --disable-java-awt --disable-symvers --with-ecj-jar=/usr/share/java/ecj.jar --with-gnu-ld --with-gnu-as --with-cloog-include=/usr/include/cloog-isl --without-libiconv-prefix --without-libintl-prefix --with-system-zlib --enable-linker-build-id
Thread model: posix
gcc version 4.9.2 (GCC) 
configure:3964: $? = 0
configure:3953: gcc -V >&5
gcc: error: unrecognized command line option '-V'
gcc: fatal error: no input files
compilation terminated.
configure:3964: $? = 1
configure:3953: gcc -qversion >&5
gcc: error: unrecognized command line option '-qversion'
gcc: fatal error: no input files
compilation terminated.
configure:3964: $? = 1
configure:3968: checking whether we are using the GNU C compiler
configure:3987: gcc -c   conftest.c >&5
configure:3987: $? = 0
configure:3996: result: yes
configure:4005: checking whether gcc accepts -g
configure:4025: gcc -c -g  conftest.c >&5
configure:4025: $? = 0
configure:4066: result: yes
configure:4083: checking for gcc option to accept ISO C89
configure:4146: gcc  -c -g -O2  conftest.c >&5
configure:4146: $? = 0
configure:4159: result: none needed
configure:4184: checking whether gcc understands -c and -o together
configure:4206: gcc -c conftest.c -o conftest2.o
configure:4209: $? = 0
configure:4206: gcc -c conftest.c -o conftest2.o
configure:4209: $? = 0
configure:4221: result: yes
configure:4240: checking dependency style of gcc
configure:4351: result: gcc3
configure:4371: checking for gawk
configure:4398: result: gawk
configure:4414: checking how to run the C preprocessor
configure:4445: gcc -E  conftest.c
configure:4445: $? = 0
configure:4459: gcc -E  conftest.c
conftest.c:11:28: fatal error: ac_nonexistent.h: No such file or directory
 #include <ac_nonexistent.h>
                            ^
compilation terminated.
configure:4459: $? = 1
configure: failed program was:
| /* confdefs.h */
| #define PACKAGE_NAME "lsd"
| #define PACKAGE_TARNAME "lsd"
| #define PACKAGE_VERSION "0.2"
| #define PACKAGE_STRING "lsd 0.2"
| #define PACKAGE_BUGREPORT "tothuhien@gmail.com"
| #define PACKAGE_URL ""
| #define PACKAGE "lsd"
| #define VERSION "0.2"
| /* end confdefs.h.  */
| #include <ac_nonexistent.h>
configure:4484: result: gcc -E
configure:4504: gcc -E  conftest.c
configure:4504: $? = 0
configure:4518: gcc -E  conftest.c
conftest.c:11:28: fatal error: ac_nonexistent.h: No such file or directory
 #include <ac_nonexistent.h>
                            ^
compilation terminated.
configure:4518: $? = 1
configure: failed program was:
| /* confdefs.h */
| #define PACKAGE_NAME "lsd"
| #define PACKAGE_TARNAME "lsd"
| #define PACKAGE_VERSION "0.2"
| #define PACKAGE_STRING "lsd 0.2"
| #define PACKAGE_BUGREPORT "tothuhien@gmail.com"
| #define PACKAGE_URL ""
| #define PACKAGE "lsd"
| #define VERSION "0.2"
| /* end confdefs.h.  */
| #include <ac_nonexistent.h>
configure:4553: checking for grep that handles long lines and -e
configure:4611: result: /usr/bin/grep
configure:4616: checking for egrep
configure:4678: result: /usr/bin/grep -E
configure:4683: checking for ANSI C header files
configure:4703: gcc -c -g -O2  conftest.c >&5
configure:4703: $? = 0
configure:4776: gcc -o conftest.exe -g -O2   conftest.c  >&5
configure:4776: $? = 0
configure:4776: ./conftest.exe
configure:4776: $? = 0
configure:4787: result: yes
configure:4800: checking for sys/types.h
configure:4800: gcc -c -g -O2  conftest.c >&5
configure:4800: $? = 0
configure:4800: result: yes
configure:4800: checking for sys/stat.h
configure:4800: gcc -c -g -O2  conftest.c >&5
configure:4800: $? = 0
configure:4800: result: yes
configure:4800: checking for stdlib.h
configure:4800: gcc -c -g -O2  conftest.c >&5
configure:4800: $? = 0
configure:4800: result: yes
configure:4800: checking for string.h
configure:4800: gcc -c -g -O2  conftest.c >&5
configure:4800: $? = 0
configure:4800: result: yes
configure:4800: checking for memory.h
configure:4800: gcc -c -g -O2  conftest.c >&5
configure:4800: $? = 0
configure:4800: result: yes
configure:4800: checking for strings.h
configure:4800: gcc -c -g -O2  conftest.c >&5
configure:4800: $? = 0
configure:4800: result: yes
configure:4800: checking for inttypes.h
configure:4800: gcc -c -g -O2  conftest.c >&5
configure:4800: $? = 0
configure:4800: result: yes
configure:4800: checking for stdint.h
configure:4800: gcc -c -g -O2  conftest.c >&5
configure:4800: $? = 0
configure:4800: result: yes
configure:4800: checking for unistd.h
configure:4800: gcc -c -g -O2  conftest.c >&5
configure:4800: $? = 0
configure:4800: result: yes
configure:4815: checking for stdlib.h
configure:4815: result: yes
configure:4815: checking for string.h
configure:4815: result: yes
configure:4815: checking for unistd.h
configure:4815: result: yes
configure:4827: checking for stdbool.h that conforms to C99
configure:4894: gcc -c -g -O2  conftest.c >&5
configure:4894: $? = 0
configure:4901: result: yes
configure:4903: checking for _Bool
configure:4903: gcc -c -g -O2  conftest.c >&5
configure:4903: $? = 0
configure:4903: gcc -c -g -O2  conftest.c >&5
conftest.c: In function 'main':
conftest.c:60:20: error: expected expression before ')' token
 if (sizeof ((_Bool)))
                    ^
configure:4903: $? = 1
configure: failed program was:
| /* confdefs.h */
| #define PACKAGE_NAME "lsd"
| #define PACKAGE_TARNAME "lsd"
| #define PACKAGE_VERSION "0.2"
| #define PACKAGE_STRING "lsd 0.2"
| #define PACKAGE_BUGREPORT "tothuhien@gmail.com"
| #define PACKAGE_URL ""
| #define PACKAGE "lsd"
| #define VERSION "0.2"
| #define STDC_HEADERS 1
| #define HAVE_SYS_TYPES_H 1
| #define HAVE_SYS_STAT_H 1
| #define HAVE_STDLIB_H 1
| #define HAVE_STRING_H 1
| #define HAVE_MEMORY_H 1
| #define HAVE_STRINGS_H 1
| #define HAVE_INTTYPES_H 1
| #define HAVE_STDINT_H 1
| #define HAVE_UNISTD_H 1
| #define HAVE_STDLIB_H 1
| #define HAVE_STRING_H 1
| #define HAVE_UNISTD_H 1
| /* end confdefs.h.  */
| #include <stdio.h>
| #ifdef HAVE_SYS_TYPES_H
| # include <sys/types.h>
| #endif
| #ifdef HAVE_SYS_STAT_H
| # include <sys/stat.h>
| #endif
| #ifdef STDC_HEADERS
| # include <stdlib.h>
| # include <stddef.h>
| #else
| # ifdef HAVE_STDLIB_H
| #  include <stdlib.h>
| # endif
| #endif
| #ifdef HAVE_STRING_H
| # if !defined STDC_HEADERS && defined HAVE_MEMORY_H
| #  include <memory.h>
| # endif
| # include <string.h>
| #endif
| #ifdef HAVE_STRINGS_H
| # include <strings.h>
| #endif
| #ifdef HAVE_INTTYPES_H
| # include <inttypes.h>
| #endif
| #ifdef HAVE_STDINT_H
| # include <stdint.h>
| #endif
| #ifdef HAVE_UNISTD_H
| # include <unistd.h>
| #endif
| int
| main ()
| {
| if (sizeof ((_Bool)))
| 	    return 0;
|   ;
|   return 0;
| }
configure:4903: result: yes
configure:4918: checking for stdlib.h
configure:4918: result: yes
configure:4928: checking for GNU libc compatible malloc
configure:4952: gcc -o conftest.exe -g -O2   conftest.c  >&5
configure:4952: $? = 0
configure:4952: ./conftest.exe
configure:4952: $? = 0
configure:4962: result: yes
configure:4985: checking for sqrt
configure:4985: gcc -o conftest.exe -g -O2   conftest.c  >&5
conftest.c:50:6: warning: conflicting types for built-in function 'sqrt'
 char sqrt ();
      ^
configure:4985: $? = 0
configure:4985: result: yes
configure:5106: checking that generated files are newer than configure
configure:5112: result: done
configure:5139: creating ./config.status

## ---------------------- ##
## Running config.status. ##
## ---------------------- ##

This file was extended by lsd config.status 0.2, which was
generated by GNU Autoconf 2.69.  Invocation command line was

  CONFIG_FILES    = 
  CONFIG_HEADERS  = 
  CONFIG_LINKS    = 
  CONFIG_COMMANDS = 
  $ ./config.status 

on Hien

config.status:874: creating Makefile
config.status:874: creating src/Makefile
config.status:874: creating src/config.h
config.status:1055: src/config.h is unchanged
config.status:1103: executing depfiles commands

## ---------------- ##
## Cache variables. ##
## ---------------- ##

ac_cv_build=i686-pc-cygwin
ac_cv_c_compiler_gnu=yes
ac_cv_cxx_compiler_gnu=yes
ac_cv_env_CCC_set=
ac_cv_env_CCC_value=
ac_cv_env_CC_set=
ac_cv_env_CC_value=
ac_cv_env_CFLAGS_set=
ac_cv_env_CFLAGS_value=
ac_cv_env_CPPFLAGS_set=
ac_cv_env_CPPFLAGS_value=
ac_cv_env_CPP_set=
ac_cv_env_CPP_value=
ac_cv_env_CXXFLAGS_set=
ac_cv_env_CXXFLAGS_value=
ac_cv_env_CXX_set=
ac_cv_env_CXX_value=
ac_cv_env_LDFLAGS_set=
ac_cv_env_LDFLAGS_value=
ac_cv_env_LIBS_set=
ac_cv_env_LIBS_value=
ac_cv_env_build_alias_set=
ac_cv_env_build_alias_value=
ac_cv_env_host_alias_set=
ac_cv_env_host_alias_value=
ac_cv_env_target_alias_set=
ac_cv_env_target_alias_value=
ac_cv_exeext=.exe
ac_cv_func_malloc_0_nonnull=yes
ac_cv_func_sqrt=yes
ac_cv_header_inttypes_h=yes
ac_cv_header_memory_h=yes
ac_cv_header_stdbool_h=yes
ac_cv_header_stdc=yes
ac_cv_header_stdint_h=yes
ac_cv_header_stdlib_h=yes
ac_cv_header_string_h=yes
ac_cv_header_strings_h=yes
ac_cv_header_sys_stat_h=yes
ac_cv_header_sys_types_h=yes
ac_cv_header_unistd_h=yes
ac_cv_host=i686-pc-cygwin
ac_cv_objext=o
ac_cv_path_EGREP='/usr/bin/grep -E'
ac_cv_path_GREP=/usr/bin/grep
ac_cv_path_install='/usr/bin/install -c'
ac_cv_path_mkdir=/usr/bin/mkdir
ac_cv_prog_AWK=gawk
ac_cv_prog_CPP='gcc -E'
ac_cv_prog_ac_ct_CC=gcc
ac_cv_prog_ac_ct_CXX=g++
ac_cv_prog_cc_c89=
ac_cv_prog_cc_g=yes
ac_cv_prog_cxx_g=yes
ac_cv_prog_make_make_set=yes
ac_cv_type__Bool=yes
am_cv_CC_dependencies_compiler_type=gcc3
am_cv_CXX_dependencies_compiler_type=gcc3
am_cv_make_support_nested_variables=yes
am_cv_prog_cc_c_o=yes

## ----------------- ##
## Output variables. ##
## ----------------- ##

ACLOCAL='${SHELL} /home/ThuHien/lsd-0.2/missing aclocal-1.14'
AMDEPBACKSLASH='\'
AMDEP_FALSE='#'
AMDEP_TRUE=''
AMTAR='$${TAR-tar}'
AM_BACKSLASH='\'
AM_DEFAULT_V='$(AM_DEFAULT_VERBOSITY)'
AM_DEFAULT_VERBOSITY='1'
AM_V='$(V)'
AUTOCONF='${SHELL} /home/ThuHien/lsd-0.2/missing autoconf'
AUTOHEADER='${SHELL} /home/ThuHien/lsd-0.2/missing autoheader'
AUTOMAKE='${SHELL} /home/ThuHien/lsd-0.2/missing automake-1.14'
AWK='gawk'
CC='gcc'
CCDEPMODE='depmode=gcc3'
CFLAGS='-g -O2'
CPP='gcc -E'
CPPFLAGS=''
CXX='g++'
CXXDEPMODE='depmode=gcc3'
CXXFLAGS='-g -O2'
CYGPATH_W='cygpath -w'
DEFS='-DHAVE_CONFIG_H'
DEPDIR='.deps'
ECHO_C=''
ECHO_N='-n'
ECHO_T=''
EGREP='/usr/bin/grep -E'
EXEEXT='.exe'
GREP='/usr/bin/grep'
INSTALL_DATA='${INSTALL} -m 644'
INSTALL_PROGRAM='${INSTALL}'
INSTALL_SCRIPT='${INSTALL}'
INSTALL_STRIP_PROGRAM='$(install_sh) -c -s'
LDFLAGS=''
LIBOBJS=''
LIBS=''
LTLIBOBJS=''
MAKEINFO='${SHELL} /home/ThuHien/lsd-0.2/missing makeinfo'
MKDIR_P='/usr/bin/mkdir -p'
OBJEXT='o'
PACKAGE='lsd'
PACKAGE_BUGREPORT='tothuhien@gmail.com'
PACKAGE_NAME='lsd'
PACKAGE_STRING='lsd 0.2'
PACKAGE_TARNAME='lsd'
PACKAGE_URL=''
PACKAGE_VERSION='0.2'
PATH_SEPARATOR=':'
SET_MAKE=''
SHELL='/bin/sh'
STRIP=''
VERSION='0.2'
ac_ct_CC='gcc'
ac_ct_CXX='g++'
am__EXEEXT_FALSE='#'
am__EXEEXT_TRUE=''
am__fastdepCC_FALSE='#'
am__fastdepCC_TRUE=''
am__fastdepCXX_FALSE='#'
am__fastdepCXX_TRUE=''
am__include='include'
am__isrc=''
am__leading_dot='.'
am__nodep='_no'
am__quote=''
am__tar='$${TAR-tar} chof - "$$tardir"'
am__untar='$${TAR-tar} xf -'
bindir='${exec_prefix}/bin'
build='i686-pc-cygwin'
build_alias=''
build_cpu='i686'
build_os='cygwin'
build_vendor='pc'
datadir='${datarootdir}'
datarootdir='${prefix}/share'
docdir='${datarootdir}/doc/${PACKAGE_TARNAME}'
dvidir='${docdir}'
exec_prefix='${prefix}'
host='i686-pc-cygwin'
host_alias=''
host_cpu='i686'
host_os='cygwin'
host_vendor='pc'
htmldir='${docdir}'
includedir='${prefix}/include'
infodir='${datarootdir}/info'
install_sh='${SHELL} /home/ThuHien/lsd-0.2/install-sh'
libdir='${exec_prefix}/lib'
libexecdir='${exec_prefix}/libexec'
localedir='${datarootdir}/locale'
localstatedir='${prefix}/var'
mandir='${datarootdir}/man'
mkdir_p='$(MKDIR_P)'
oldincludedir='/usr/include'
pdfdir='${docdir}'
prefix='/usr/local'
program_transform_name='s,x,x,'
psdir='${docdir}'
sbindir='${exec_prefix}/sbin'
sharedstatedir='${prefix}/com'
sysconfdir='${prefix}/etc'
target_alias=''

## ----------- ##
## confdefs.h. ##
## ----------- ##

/* confdefs.h */
#define PACKAGE_NAME "lsd"
#define PACKAGE_TARNAME "lsd"
#define PACKAGE_VERSION "0.2"
#define PACKAGE_STRING "lsd 0.2"
#define PACKAGE_BUGREPORT "tothuhien@gmail.com"
#define PACKAGE_URL ""
#define PACKAGE "lsd"
#define VERSION "0.2"
#define STDC_HEADERS 1
#define HAVE_SYS_TYPES_H 1
#define HAVE_SYS_STAT_H 1
#define HAVE_STDLIB_H 1
#define HAVE_STRING_H 1
#define HAVE_MEMORY_H 1
#define HAVE_STRINGS_H 1
#define HAVE_INTTYPES_H 1
#define HAVE_STDINT_H 1
#define HAVE_UNISTD_H 1
#define HAVE_STDLIB_H 1
#define HAVE_STRING_H 1
#define HAVE_UNISTD_H 1
#define HAVE__BOOL 1
#define HAVE_STDLIB_H 1
#define HAVE_MALLOC 1
#define HAVE_SQRT 1

configure: exit 0
